<?xml version="1.0" encoding="utf-8"?>
<TestRun id="30a18cd0-4b42-4145-9f26-4bec00c8fffd" name="@echos-Mac-mini 2026-01-13 08:40:47" xmlns="http://microsoft.com/schemas/VisualStudio/TeamTest/2010">
  <Times creation="2026-01-13T08:40:47.2819970+08:00" queuing="2026-01-13T08:40:47.2819970+08:00" start="2026-01-13T08:40:45.4571830+08:00" finish="2026-01-13T08:40:52.8138680+08:00" />
  <TestSettings name="default" id="e628e8b1-acb9-4ef3-b409-ed9480cd688c">
    <Deployment runDeploymentRoot="_echos-Mac-mini_2026-01-13_08_40_47" />
  </TestSettings>
  <Results>
    <UnitTestResult executionId="dae80cdf-bb1f-415e-8b24-5f10dacfe930" testId="e50cf98b-539f-10ef-d8e1-3f8476ac08e2" testName="V2ex.Maui2.Tests.V2ExJsonApiTests.GetTopicDetail_ShouldReturnTopic" computerName="echos-Mac-mini" duration="00:00:00.6416971" startTime="2026-01-13T08:40:51.2363390+08:00" endTime="2026-01-13T08:40:51.9796490+08:00" testType="13cdc9d9-ddb5-4fa4-a97d-d965ccfc6d4b" outcome="Passed" testListId="8c84fa94-04c1-424b-9868-57a2d4851a1d" relativeResultsDirectory="dae80cdf-bb1f-415e-8b24-5f10dacfe930" />
    <UnitTestResult executionId="7ff8838f-3c5b-4e6a-8c11-242e9dea9f99" testId="b5ebafed-4f1f-e3ef-06a8-b7882e99283d" testName="V2ex.Maui2.Tests.V2ExJsonApiTests.GetMemberInfo_ShouldReturnMember" computerName="echos-Mac-mini" duration="00:00:00.8331908" startTime="2026-01-13T08:40:48.9711180+08:00" endTime="2026-01-13T08:40:49.9057780+08:00" testType="13cdc9d9-ddb5-4fa4-a97d-d965ccfc6d4b" outcome="Passed" testListId="8c84fa94-04c1-424b-9868-57a2d4851a1d" relativeResultsDirectory="7ff8838f-3c5b-4e6a-8c11-242e9dea9f99" />
    <UnitTestResult executionId="8d6f34a4-a6c5-467c-91a5-cf8e0c903a37" testId="1fd72aaa-f589-22ca-07b9-d58456d6fcdc" testName="V2ex.Maui2.Tests.V2exHtmlParserTests.GetNodeTopics_Programming_ShouldReturnTopics" computerName="echos-Mac-mini" duration="00:00:00.8856969" startTime="2026-01-13T08:40:51.7831500+08:00" endTime="2026-01-13T08:40:52.7695510+08:00" testType="13cdc9d9-ddb5-4fa4-a97d-d965ccfc6d4b" outcome="Passed" testListId="8c84fa94-04c1-424b-9868-57a2d4851a1d" relativeResultsDirectory="8d6f34a4-a6c5-467c-91a5-cf8e0c903a37" />
    <UnitTestResult executionId="bc338386-2440-45f9-a0ff-9cbc20051408" testId="cbdb7b7a-a6c4-3edb-fce4-b874e9b39e2c" testName="V2ex.Maui2.Tests.V2ExJsonApiTests.GetAllNodes_ShouldReturnNodes" computerName="echos-Mac-mini" duration="00:00:01.2281591" startTime="2026-01-13T08:40:49.9059960+08:00" endTime="2026-01-13T08:40:51.2360530+08:00" testType="13cdc9d9-ddb5-4fa4-a97d-d965ccfc6d4b" outcome="Passed" testListId="8c84fa94-04c1-424b-9868-57a2d4851a1d" relativeResultsDirectory="bc338386-2440-45f9-a0ff-9cbc20051408" />
    <UnitTestResult executionId="aa43f895-2f40-4417-a43a-e19b78e287f7" testId="c146441d-e279-cbbe-b836-c091ba91bca2" testName="V2ex.Maui2.Tests.V2exHtmlParserTests.GetNodeTopics_WithPagination_ShouldReturnTopics" computerName="echos-Mac-mini" duration="00:00:01.0636599" startTime="2026-01-13T08:40:49.5452540+08:00" endTime="2026-01-13T08:40:50.7130270+08:00" testType="13cdc9d9-ddb5-4fa4-a97d-d965ccfc6d4b" outcome="Passed" testListId="8c84fa94-04c1-424b-9868-57a2d4851a1d" relativeResultsDirectory="aa43f895-2f40-4417-a43a-e19b78e287f7" />
    <UnitTestResult executionId="6acf2514-cd3d-44c0-bdc4-00756eca4140" testId="601c9cc8-f857-499f-1271-9765f8eff1e3" testName="V2ex.Maui2.Tests.V2ExJsonApiTests.GetLatestTopics_ShouldReturnTopics" computerName="echos-Mac-mini" duration="00:00:01.1990342" startTime="2026-01-13T08:40:46.9904470+08:00" endTime="2026-01-13T08:40:48.2865690+08:00" testType="13cdc9d9-ddb5-4fa4-a97d-d965ccfc6d4b" outcome="Passed" testListId="8c84fa94-04c1-424b-9868-57a2d4851a1d" relativeResultsDirectory="6acf2514-cd3d-44c0-bdc4-00756eca4140" />
    <UnitTestResult executionId="bcc63e9f-624c-4f24-99c4-0b065005b15b" testId="83b50638-9a86-d4c4-9032-c59c6f4a3d50" testName="V2ex.Maui2.Tests.V2exHtmlParserTests.GetNodeTopics_Python_ShouldReturnTopics" computerName="echos-Mac-mini" duration="00:00:01.1445360" startTime="2026-01-13T08:40:47.1256630+08:00" endTime="2026-01-13T08:40:48.3859700+08:00" testType="13cdc9d9-ddb5-4fa4-a97d-d965ccfc6d4b" outcome="Failed" testListId="8c84fa94-04c1-424b-9868-57a2d4851a1d" relativeResultsDirectory="bcc63e9f-624c-4f24-99c4-0b065005b15b">
      <Output>
        <ErrorInfo>
          <Message>Assert.NotEmpty() Failure: Collection was empty</Message>
          <StackTrace>   at V2ex.Maui2.Tests.V2exHtmlParserTests.GetNodeTopics_Python_ShouldReturnTopics() in /Volumes/MacMiniDisk/workspace/V2ex.Maui2/tests/V2ex.Maui2.Tests/V2exHtmlParserTests.cs:line 99
--- End of stack trace from previous location ---</StackTrace>
        </ErrorInfo>
      </Output>
    </UnitTestResult>
    <UnitTestResult executionId="4731206e-446b-4597-96f9-f0ee1c018b3d" testId="15582e88-f3cd-cb53-ab32-1b96f15c396b" testName="V2ex.Maui2.Tests.V2exHtmlParserTests.GetTabTopics_Tech_ShouldReturnTopics" computerName="echos-Mac-mini" duration="00:00:01.0894877" startTime="2026-01-13T08:40:45.8700600+08:00" endTime="2026-01-13T08:40:47.1251840+08:00" testType="13cdc9d9-ddb5-4fa4-a97d-d965ccfc6d4b" outcome="Passed" testListId="8c84fa94-04c1-424b-9868-57a2d4851a1d" relativeResultsDirectory="4731206e-446b-4597-96f9-f0ee1c018b3d" />
    <UnitTestResult executionId="0fcfa021-9bf4-4d65-a377-ee2d621f69e7" testId="e7b4a557-c658-95ac-a710-bb3424cd781b" testName="V2ex.Maui2.Tests.V2ExJsonApiTests.GetHotTopics_ShouldReturnTopics" computerName="echos-Mac-mini" duration="00:00:00.9916737" startTime="2026-01-13T08:40:45.8693760+08:00" endTime="2026-01-13T08:40:46.9853190+08:00" testType="13cdc9d9-ddb5-4fa4-a97d-d965ccfc6d4b" outcome="Passed" testListId="8c84fa94-04c1-424b-9868-57a2d4851a1d" relativeResultsDirectory="0fcfa021-9bf4-4d65-a377-ee2d621f69e7" />
    <UnitTestResult executionId="a90e79f2-d647-42ac-95c4-6ea1ea9cbd98" testId="c7add7e9-f0a1-24c0-04af-e293a4e0e513" testName="V2ex.Maui2.Tests.V2exHtmlParserTests.GetTabTopics_Creative_ShouldReturnTopics" computerName="echos-Mac-mini" duration="00:00:01.0578110" startTime="2026-01-13T08:40:48.3888480+08:00" endTime="2026-01-13T08:40:49.5449910+08:00" testType="13cdc9d9-ddb5-4fa4-a97d-d965ccfc6d4b" outcome="Passed" testListId="8c84fa94-04c1-424b-9868-57a2d4851a1d" relativeResultsDirectory="a90e79f2-d647-42ac-95c4-6ea1ea9cbd98" />
    <UnitTestResult executionId="dc50b575-fec7-4100-aed9-f7654e33a58b" testId="47051d59-75be-5b1c-5129-0ff30821df30" testName="V2ex.Maui2.Tests.V2exHtmlParserTests.ParseTopic_ShouldHaveAllRequiredFields" computerName="echos-Mac-mini" duration="00:00:00.9690866" startTime="2026-01-13T08:40:50.7132960+08:00" endTime="2026-01-13T08:40:51.7830430+08:00" testType="13cdc9d9-ddb5-4fa4-a97d-d965ccfc6d4b" outcome="Passed" testListId="8c84fa94-04c1-424b-9868-57a2d4851a1d" relativeResultsDirectory="dc50b575-fec7-4100-aed9-f7654e33a58b" />
    <UnitTestResult executionId="b514dd6a-192c-476e-9cab-c54db8f8209b" testId="9d6331f2-8d12-fee9-ee42-e9fef09ca969" testName="V2ex.Maui2.Tests.V2ExJsonApiTests.GetReplies_ShouldReturnReplies" computerName="echos-Mac-mini" duration="00:00:00.6439890" startTime="2026-01-13T08:40:51.9798460+08:00" endTime="2026-01-13T08:40:52.7254870+08:00" testType="13cdc9d9-ddb5-4fa4-a97d-d965ccfc6d4b" outcome="Passed" testListId="8c84fa94-04c1-424b-9868-57a2d4851a1d" relativeResultsDirectory="b514dd6a-192c-476e-9cab-c54db8f8209b" />
    <UnitTestResult executionId="d9f3116f-79b3-4159-8ab8-ebbb7384d71f" testId="22ff7fb9-e470-0011-1e29-f04df64a4606" testName="V2ex.Maui2.Tests.V2ExJsonApiTests.GetNodeInfo_ShouldReturnNode" computerName="echos-Mac-mini" duration="00:00:00.5831826" startTime="2026-01-13T08:40:48.2869530+08:00" endTime="2026-01-13T08:40:48.9709850+08:00" testType="13cdc9d9-ddb5-4fa4-a97d-d965ccfc6d4b" outcome="Passed" testListId="8c84fa94-04c1-424b-9868-57a2d4851a1d" relativeResultsDirectory="d9f3116f-79b3-4159-8ab8-ebbb7384d71f" />
  </Results>
  <TestDefinitions>
    <UnitTest name="V2ex.Maui2.Tests.V2ExJsonApiTests.GetReplies_ShouldReturnReplies" storage="/volumes/macminidisk/workspace/v2ex.maui2/tests/v2ex.maui2.tests/bin/debug/net10.0/v2ex.maui2.tests.dll" id="9d6331f2-8d12-fee9-ee42-e9fef09ca969">
      <Execution id="b514dd6a-192c-476e-9cab-c54db8f8209b" />
      <TestMethod codeBase="/Volumes/MacMiniDisk/workspace/V2ex.Maui2/tests/V2ex.Maui2.Tests/bin/Debug/net10.0/V2ex.Maui2.Tests.dll" adapterTypeName="executor://xunit/VsTestRunner3/netcore/" className="V2ex.Maui2.Tests.V2ExJsonApiTests" name="GetReplies_ShouldReturnReplies" />
    </UnitTest>
    <UnitTest name="V2ex.Maui2.Tests.V2ExJsonApiTests.GetMemberInfo_ShouldReturnMember" storage="/volumes/macminidisk/workspace/v2ex.maui2/tests/v2ex.maui2.tests/bin/debug/net10.0/v2ex.maui2.tests.dll" id="b5ebafed-4f1f-e3ef-06a8-b7882e99283d">
      <Execution id="7ff8838f-3c5b-4e6a-8c11-242e9dea9f99" />
      <TestMethod codeBase="/Volumes/MacMiniDisk/workspace/V2ex.Maui2/tests/V2ex.Maui2.Tests/bin/Debug/net10.0/V2ex.Maui2.Tests.dll" adapterTypeName="executor://xunit/VsTestRunner3/netcore/" className="V2ex.Maui2.Tests.V2ExJsonApiTests" name="GetMemberInfo_ShouldReturnMember" />
    </UnitTest>
    <UnitTest name="V2ex.Maui2.Tests.V2exHtmlParserTests.GetNodeTopics_WithPagination_ShouldReturnTopics" storage="/volumes/macminidisk/workspace/v2ex.maui2/tests/v2ex.maui2.tests/bin/debug/net10.0/v2ex.maui2.tests.dll" id="c146441d-e279-cbbe-b836-c091ba91bca2">
      <Execution id="aa43f895-2f40-4417-a43a-e19b78e287f7" />
      <TestMethod codeBase="/Volumes/MacMiniDisk/workspace/V2ex.Maui2/tests/V2ex.Maui2.Tests/bin/Debug/net10.0/V2ex.Maui2.Tests.dll" adapterTypeName="executor://xunit/VsTestRunner3/netcore/" className="V2ex.Maui2.Tests.V2exHtmlParserTests" name="GetNodeTopics_WithPagination_ShouldReturnTopics" />
    </UnitTest>
    <UnitTest name="V2ex.Maui2.Tests.V2exHtmlParserTests.GetTabTopics_Creative_ShouldReturnTopics" storage="/volumes/macminidisk/workspace/v2ex.maui2/tests/v2ex.maui2.tests/bin/debug/net10.0/v2ex.maui2.tests.dll" id="c7add7e9-f0a1-24c0-04af-e293a4e0e513">
      <Execution id="a90e79f2-d647-42ac-95c4-6ea1ea9cbd98" />
      <TestMethod codeBase="/Volumes/MacMiniDisk/workspace/V2ex.Maui2/tests/V2ex.Maui2.Tests/bin/Debug/net10.0/V2ex.Maui2.Tests.dll" adapterTypeName="executor://xunit/VsTestRunner3/netcore/" className="V2ex.Maui2.Tests.V2exHtmlParserTests" name="GetTabTopics_Creative_ShouldReturnTopics" />
    </UnitTest>
    <UnitTest name="V2ex.Maui2.Tests.V2ExJsonApiTests.GetAllNodes_ShouldReturnNodes" storage="/volumes/macminidisk/workspace/v2ex.maui2/tests/v2ex.maui2.tests/bin/debug/net10.0/v2ex.maui2.tests.dll" id="cbdb7b7a-a6c4-3edb-fce4-b874e9b39e2c">
      <Execution id="bc338386-2440-45f9-a0ff-9cbc20051408" />
      <TestMethod codeBase="/Volumes/MacMiniDisk/workspace/V2ex.Maui2/tests/V2ex.Maui2.Tests/bin/Debug/net10.0/V2ex.Maui2.Tests.dll" adapterTypeName="executor://xunit/VsTestRunner3/netcore/" className="V2ex.Maui2.Tests.V2ExJsonApiTests" name="GetAllNodes_ShouldReturnNodes" />
    </UnitTest>
    <UnitTest name="V2ex.Maui2.Tests.V2exHtmlParserTests.GetNodeTopics_Python_ShouldReturnTopics" storage="/volumes/macminidisk/workspace/v2ex.maui2/tests/v2ex.maui2.tests/bin/debug/net10.0/v2ex.maui2.tests.dll" id="83b50638-9a86-d4c4-9032-c59c6f4a3d50">
      <Execution id="bcc63e9f-624c-4f24-99c4-0b065005b15b" />
      <TestMethod codeBase="/Volumes/MacMiniDisk/workspace/V2ex.Maui2/tests/V2ex.Maui2.Tests/bin/Debug/net10.0/V2ex.Maui2.Tests.dll" adapterTypeName="executor://xunit/VsTestRunner3/netcore/" className="V2ex.Maui2.Tests.V2exHtmlParserTests" name="GetNodeTopics_Python_ShouldReturnTopics" />
    </UnitTest>
    <UnitTest name="V2ex.Maui2.Tests.V2exHtmlParserTests.ParseTopic_ShouldHaveAllRequiredFields" storage="/volumes/macminidisk/workspace/v2ex.maui2/tests/v2ex.maui2.tests/bin/debug/net10.0/v2ex.maui2.tests.dll" id="47051d59-75be-5b1c-5129-0ff30821df30">
      <Execution id="dc50b575-fec7-4100-aed9-f7654e33a58b" />
      <TestMethod codeBase="/Volumes/MacMiniDisk/workspace/V2ex.Maui2/tests/V2ex.Maui2.Tests/bin/Debug/net10.0/V2ex.Maui2.Tests.dll" adapterTypeName="executor://xunit/VsTestRunner3/netcore/" className="V2ex.Maui2.Tests.V2exHtmlParserTests" name="ParseTopic_ShouldHaveAllRequiredFields" />
    </UnitTest>
    <UnitTest name="V2ex.Maui2.Tests.V2ExJsonApiTests.GetNodeInfo_ShouldReturnNode" storage="/volumes/macminidisk/workspace/v2ex.maui2/tests/v2ex.maui2.tests/bin/debug/net10.0/v2ex.maui2.tests.dll" id="22ff7fb9-e470-0011-1e29-f04df64a4606">
      <Execution id="d9f3116f-79b3-4159-8ab8-ebbb7384d71f" />
      <TestMethod codeBase="/Volumes/MacMiniDisk/workspace/V2ex.Maui2/tests/V2ex.Maui2.Tests/bin/Debug/net10.0/V2ex.Maui2.Tests.dll" adapterTypeName="executor://xunit/VsTestRunner3/netcore/" className="V2ex.Maui2.Tests.V2ExJsonApiTests" name="GetNodeInfo_ShouldReturnNode" />
    </UnitTest>
    <UnitTest name="V2ex.Maui2.Tests.V2ExJsonApiTests.GetTopicDetail_ShouldReturnTopic" storage="/volumes/macminidisk/workspace/v2ex.maui2/tests/v2ex.maui2.tests/bin/debug/net10.0/v2ex.maui2.tests.dll" id="e50cf98b-539f-10ef-d8e1-3f8476ac08e2">
      <Execution id="dae80cdf-bb1f-415e-8b24-5f10dacfe930" />
      <TestMethod codeBase="/Volumes/MacMiniDisk/workspace/V2ex.Maui2/tests/V2ex.Maui2.Tests/bin/Debug/net10.0/V2ex.Maui2.Tests.dll" adapterTypeName="executor://xunit/VsTestRunner3/netcore/" className="V2ex.Maui2.Tests.V2ExJsonApiTests" name="GetTopicDetail_ShouldReturnTopic" />
    </UnitTest>
    <UnitTest name="V2ex.Maui2.Tests.V2exHtmlParserTests.GetNodeTopics_Programming_ShouldReturnTopics" storage="/volumes/macminidisk/workspace/v2ex.maui2/tests/v2ex.maui2.tests/bin/debug/net10.0/v2ex.maui2.tests.dll" id="1fd72aaa-f589-22ca-07b9-d58456d6fcdc">
      <Execution id="8d6f34a4-a6c5-467c-91a5-cf8e0c903a37" />
      <TestMethod codeBase="/Volumes/MacMiniDisk/workspace/V2ex.Maui2/tests/V2ex.Maui2.Tests/bin/Debug/net10.0/V2ex.Maui2.Tests.dll" adapterTypeName="executor://xunit/VsTestRunner3/netcore/" className="V2ex.Maui2.Tests.V2exHtmlParserTests" name="GetNodeTopics_Programming_ShouldReturnTopics" />
    </UnitTest>
    <UnitTest name="V2ex.Maui2.Tests.V2exHtmlParserTests.GetTabTopics_Tech_ShouldReturnTopics" storage="/volumes/macminidisk/workspace/v2ex.maui2/tests/v2ex.maui2.tests/bin/debug/net10.0/v2ex.maui2.tests.dll" id="15582e88-f3cd-cb53-ab32-1b96f15c396b">
      <Execution id="4731206e-446b-4597-96f9-f0ee1c018b3d" />
      <TestMethod codeBase="/Volumes/MacMiniDisk/workspace/V2ex.Maui2/tests/V2ex.Maui2.Tests/bin/Debug/net10.0/V2ex.Maui2.Tests.dll" adapterTypeName="executor://xunit/VsTestRunner3/netcore/" className="V2ex.Maui2.Tests.V2exHtmlParserTests" name="GetTabTopics_Tech_ShouldReturnTopics" />
    </UnitTest>
    <UnitTest name="V2ex.Maui2.Tests.V2ExJsonApiTests.GetHotTopics_ShouldReturnTopics" storage="/volumes/macminidisk/workspace/v2ex.maui2/tests/v2ex.maui2.tests/bin/debug/net10.0/v2ex.maui2.tests.dll" id="e7b4a557-c658-95ac-a710-bb3424cd781b">
      <Execution id="0fcfa021-9bf4-4d65-a377-ee2d621f69e7" />
      <TestMethod codeBase="/Volumes/MacMiniDisk/workspace/V2ex.Maui2/tests/V2ex.Maui2.Tests/bin/Debug/net10.0/V2ex.Maui2.Tests.dll" adapterTypeName="executor://xunit/VsTestRunner3/netcore/" className="V2ex.Maui2.Tests.V2ExJsonApiTests" name="GetHotTopics_ShouldReturnTopics" />
    </UnitTest>
    <UnitTest name="V2ex.Maui2.Tests.V2ExJsonApiTests.GetLatestTopics_ShouldReturnTopics" storage="/volumes/macminidisk/workspace/v2ex.maui2/tests/v2ex.maui2.tests/bin/debug/net10.0/v2ex.maui2.tests.dll" id="601c9cc8-f857-499f-1271-9765f8eff1e3">
      <Execution id="6acf2514-cd3d-44c0-bdc4-00756eca4140" />
      <TestMethod codeBase="/Volumes/MacMiniDisk/workspace/V2ex.Maui2/tests/V2ex.Maui2.Tests/bin/Debug/net10.0/V2ex.Maui2.Tests.dll" adapterTypeName="executor://xunit/VsTestRunner3/netcore/" className="V2ex.Maui2.Tests.V2ExJsonApiTests" name="GetLatestTopics_ShouldReturnTopics" />
    </UnitTest>
  </TestDefinitions>
  <TestEntries>
    <TestEntry testId="e50cf98b-539f-10ef-d8e1-3f8476ac08e2" executionId="dae80cdf-bb1f-415e-8b24-5f10dacfe930" testListId="8c84fa94-04c1-424b-9868-57a2d4851a1d" />
    <TestEntry testId="b5ebafed-4f1f-e3ef-06a8-b7882e99283d" executionId="7ff8838f-3c5b-4e6a-8c11-242e9dea9f99" testListId="8c84fa94-04c1-424b-9868-57a2d4851a1d" />
    <TestEntry testId="1fd72aaa-f589-22ca-07b9-d58456d6fcdc" executionId="8d6f34a4-a6c5-467c-91a5-cf8e0c903a37" testListId="8c84fa94-04c1-424b-9868-57a2d4851a1d" />
    <TestEntry testId="cbdb7b7a-a6c4-3edb-fce4-b874e9b39e2c" executionId="bc338386-2440-45f9-a0ff-9cbc20051408" testListId="8c84fa94-04c1-424b-9868-57a2d4851a1d" />
    <TestEntry testId="c146441d-e279-cbbe-b836-c091ba91bca2" executionId="aa43f895-2f40-4417-a43a-e19b78e287f7" testListId="8c84fa94-04c1-424b-9868-57a2d4851a1d" />
    <TestEntry testId="601c9cc8-f857-499f-1271-9765f8eff1e3" executionId="6acf2514-cd3d-44c0-bdc4-00756eca4140" testListId="8c84fa94-04c1-424b-9868-57a2d4851a1d" />
    <TestEntry testId="83b50638-9a86-d4c4-9032-c59c6f4a3d50" executionId="bcc63e9f-624c-4f24-99c4-0b065005b15b" testListId="8c84fa94-04c1-424b-9868-57a2d4851a1d" />
    <TestEntry testId="15582e88-f3cd-cb53-ab32-1b96f15c396b" executionId="4731206e-446b-4597-96f9-f0ee1c018b3d" testListId="8c84fa94-04c1-424b-9868-57a2d4851a1d" />
    <TestEntry testId="e7b4a557-c658-95ac-a710-bb3424cd781b" executionId="0fcfa021-9bf4-4d65-a377-ee2d621f69e7" testListId="8c84fa94-04c1-424b-9868-57a2d4851a1d" />
    <TestEntry testId="c7add7e9-f0a1-24c0-04af-e293a4e0e513" executionId="a90e79f2-d647-42ac-95c4-6ea1ea9cbd98" testListId="8c84fa94-04c1-424b-9868-57a2d4851a1d" />
    <TestEntry testId="47051d59-75be-5b1c-5129-0ff30821df30" executionId="dc50b575-fec7-4100-aed9-f7654e33a58b" testListId="8c84fa94-04c1-424b-9868-57a2d4851a1d" />
    <TestEntry testId="9d6331f2-8d12-fee9-ee42-e9fef09ca969" executionId="b514dd6a-192c-476e-9cab-c54db8f8209b" testListId="8c84fa94-04c1-424b-9868-57a2d4851a1d" />
    <TestEntry testId="22ff7fb9-e470-0011-1e29-f04df64a4606" executionId="d9f3116f-79b3-4159-8ab8-ebbb7384d71f" testListId="8c84fa94-04c1-424b-9868-57a2d4851a1d" />
  </TestEntries>
  <TestLists>
    <TestList name="Results Not in a List" id="8c84fa94-04c1-424b-9868-57a2d4851a1d" />
    <TestList name="All Loaded Results" id="19431567-8539-422a-85d7-44ee4e166bda" />
  </TestLists>
  <ResultSummary outcome="Failed">
    <Counters total="13" executed="13" passed="12" failed="1" error="0" timeout="0" aborted="0" inconclusive="0" passedButRunAborted="0" notRunnable="0" notExecuted="0" disconnected="0" warning="0" completed="0" inProgress="0" pending="0" />
    <Output>
      <StdOut>[xUnit.net 00:00:00.00] xUnit.net VSTest Adapter v3.1.4+50e68bbb8b (64-bit .NET 10.0.1)
[xUnit.net 00:00:00.05]   Discovering: V2ex.Maui2.Tests
[xUnit.net 00:00:00.07]   Discovered:  V2ex.Maui2.Tests
[xUnit.net 00:00:00.08]   Starting:    V2ex.Maui2.Tests
info: V2ex.Maui2.Core.Services.V2ex.V2exHtmlParser[0]
      解析 Tab 页面: tech
✅ 获取到 10 个热门话题
第一个热门话题: 自助洗车店副业后续（又开了一家）
info: V2ex.Maui2.Core.Services.V2ex.V2exHtmlParser[0]
      成功解析 50 个话题
✅ 成功解析 50 个 tech Tab 话题
第一个话题: 2FA 感觉就是时代倒退的产物
  ID: 1185075
  节点: security
  作者: hentailolicon
  回复数: 37
info: V2ex.Maui2.Core.Services.V2ex.V2exHtmlParser[0]
      解析节点页面: python, 页码: 1
✅ 获取到 46 个最新话题
第一个话题: 有人了解《米雅酪酸梭菌活菌片》吗 为啥一年多价格翻了 8 倍啊 (ID: 1185093)
info: V2ex.Maui2.Core.Services.V2ex.V2exHtmlParser[0]
      成功解析 0 个话题
[xUnit.net 00:00:02.61]       Assert.NotEmpty() Failure: Collection was empty
[xUnit.net 00:00:02.61]       Stack Trace:
[xUnit.net 00:00:02.61]         /Volumes/MacMiniDisk/workspace/V2ex.Maui2/tests/V2ex.Maui2.Tests/V2exHtmlParserTests.cs(99,0): at V2ex.Maui2.Tests.V2exHtmlParserTests.GetNodeTopics_Python_ShouldReturnTopics()
[xUnit.net 00:00:02.61]         --- End of stack trace from previous location ---
info: V2ex.Maui2.Core.Services.V2ex.V2exHtmlParser[0]
      解析 Tab 页面: creative
✅ 获取节点详情成功
节点: Python (python)
话题数: 16283
info: V2ex.Maui2.Core.Services.V2ex.V2exHtmlParser[0]
      成功解析 50 个话题
✅ 成功解析 50 个 creative Tab 话题
第一个话题: 做了一个图片压缩 App，买断制 ，受不了订阅制了
info: V2ex.Maui2.Core.Services.V2ex.V2exHtmlParser[0]
      解析节点页面: python, 页码: 1
✅ 获取用户信息成功
用户: Livid
info: V2ex.Maui2.Core.Services.V2ex.V2exHtmlParser[0]
      成功解析 0 个话题
✅ 第1页: 0 个话题
info: V2ex.Maui2.Core.Services.V2ex.V2exHtmlParser[0]
      解析 Tab 页面: tech
✅ 获取到 1242 个节点
第一个节点: Project Babel (babel)
info: V2ex.Maui2.Core.Services.V2ex.V2exHtmlParser[0]
      成功解析 50 个话题
✅ 话题字段解析完整
  ID: 1185075
  标题: 2FA 感觉就是时代倒退的产物
  作者: hentailolicon
  节点: security (security)
  回复: 37
info: V2ex.Maui2.Core.Services.V2ex.V2exHtmlParser[0]
      解析节点页面: programming, 页码: 1
✅ 获取话题详情成功
话题: 每次学习 5 分钟就感到无聊, 不能专注, 容易沉迷在 YouTube 等视频网站, 如何破解?
✅ 获取回复列表成功
回复数: 6
info: V2ex.Maui2.Core.Services.V2ex.V2exHtmlParser[0]
      成功解析 0 个话题
⚠️ programming 节点暂无话题
[xUnit.net 00:00:07.00]   Finished:    V2ex.Maui2.Tests
</StdOut>
    </Output>
    <RunInfos>
      <RunInfo computerName="echos-Mac-mini" outcome="Error" timestamp="2026-01-13T08:40:48.3878750+08:00">
        <Text>[xUnit.net 00:00:02.61]     V2ex.Maui2.Tests.V2exHtmlParserTests.GetNodeTopics_Python_ShouldReturnTopics [FAIL]</Text>
      </RunInfo>
    </RunInfos>
  </ResultSummary>
</TestRun>